Hosting environment: Development
Content root path: C:\Users\Rorie\Desktop\nopCommerce_4.00_Source\Presentation\Nop.Web
Now listening on: http://localhost:14682
Application started. Press Ctrl+C to shut down.
info: Microsoft.AspNetCore.Hosting.Internal.WebHost[1]
      Request starting HTTP/1.1 GET http://localhost:15536/  
info: Microsoft.AspNetCore.Mvc.Internal.ControllerActionInvoker[1]
      Executing action method Nop.Web.Controllers.HomeController.Index (Nop.Web) with arguments ((null)) - ModelState is Valid
info: Microsoft.AspNetCore.Mvc.ViewFeatures.Internal.ViewResultExecutor[1]
      Executing ViewResult, running view at path /Views/Home/Index.cshtml.
info: Microsoft.AspNetCore.Mvc.Internal.ControllerActionInvoker[2]
      Executed action Nop.Web.Controllers.HomeController.Index (Nop.Web) in 21952.4146ms
info: Microsoft.AspNetCore.Hosting.Internal.WebHost[1]
      Request starting HTTP/1.1 GET http://localhost:15536/Themes/DefaultClean/Content/css/styles.css  
info: Microsoft.AspNetCore.Hosting.Internal.WebHost[1]
      Request starting HTTP/1.1 GET http://localhost:15536/lib/jquery-1.10.2.min.js  
info: Microsoft.AspNetCore.Hosting.Internal.WebHost[1]
      Request starting HTTP/1.1 GET http://localhost:15536/lib/jquery-ui-themes/smoothness/jquery-ui-1.10.3.custom.min.css  
info: Microsoft.AspNetCore.Hosting.Internal.WebHost[1]
      Request starting HTTP/1.1 GET http://localhost:15536/Plugins/Widgets.NivoSlider/Content/nivoslider/nivo-slider.css  
info: Microsoft.AspNetCore.Hosting.Internal.WebHost[1]
      Request starting HTTP/1.1 GET http://localhost:15536/Plugins/Widgets.NivoSlider/Content/nivoslider/themes/custom/custom.css  
info: Microsoft.AspNetCore.StaticFiles.StaticFileMiddleware[2]
      Sending file. Request path: '/DefaultClean/Content/css/styles.css'. Physical path: 'C:\Users\Rorie\Desktop\nopCommerce_4.00_Source\Presentation\Nop.Web\Themes\DefaultClean\Content\css\styles.css'
info: Microsoft.AspNetCore.StaticFiles.StaticFileMiddleware[2]
      Sending file. Request path: '/Widgets.NivoSlider/Content/nivoslider/nivo-slider.css'. Physical path: 'C:\Users\Rorie\Desktop\nopCommerce_4.00_Source\Presentation\Nop.Web\Plugins\Widgets.NivoSlider\Content\nivoslider\nivo-slider.css'
info: Microsoft.AspNetCore.Hosting.Internal.WebHost[2]
      Request finished in 24493.8979ms 200 text/html; charset=utf-8
info: Microsoft.AspNetCore.StaticFiles.StaticFileMiddleware[2]
      Sending file. Request path: '/Widgets.NivoSlider/Content/nivoslider/themes/custom/custom.css'. Physical path: 'C:\Users\Rorie\Desktop\nopCommerce_4.00_Source\Presentation\Nop.Web\Plugins\Widgets.NivoSlider\Content\nivoslider\themes\custom\custom.css'
info: Microsoft.AspNetCore.StaticFiles.StaticFileMiddleware[2]
      Sending file. Request path: '/lib/jquery-1.10.2.min.js'. Physical path: 'C:\Users\Rorie\Desktop\nopCommerce_4.00_Source\Presentation\Nop.Web\wwwroot\lib\jquery-1.10.2.min.js'
info: Microsoft.AspNetCore.StaticFiles.StaticFileMiddleware[2]
      Sending file. Request path: '/lib/jquery-ui-themes/smoothness/jquery-ui-1.10.3.custom.min.css'. Physical path: 'C:\Users\Rorie\Desktop\nopCommerce_4.00_Source\Presentation\Nop.Web\wwwroot\lib\jquery-ui-themes\smoothness\jquery-ui-1.10.3.custom.min.css'
info: Microsoft.AspNetCore.Hosting.Internal.WebHost[2]
      Request finished in 339.0155ms 200 text/css
info: Microsoft.AspNetCore.Hosting.Internal.WebHost[2]
      Request finished in 342.695ms 200 text/css
info: Microsoft.AspNetCore.Hosting.Internal.WebHost[2]
      Request finished in 339.3836ms 200 text/css
info: Microsoft.AspNetCore.Hosting.Internal.WebHost[2]
      Request finished in 467.6325ms 200 text/css
info: Microsoft.AspNetCore.Hosting.Internal.WebHost[2]
      Request finished in 475.6443ms 200 application/javascript
info: Microsoft.AspNetCore.Hosting.Internal.WebHost[1]
      Request starting HTTP/1.1 GET http://localhost:15536/lib/jquery.validate.min.js  
info: Microsoft.AspNetCore.StaticFiles.StaticFileMiddleware[2]
      Sending file. Request path: '/lib/jquery.validate.min.js'. Physical path: 'C:\Users\Rorie\Desktop\nopCommerce_4.00_Source\Presentation\Nop.Web\wwwroot\lib\jquery.validate.min.js'
info: Microsoft.AspNetCore.Hosting.Internal.WebHost[2]
      Request finished in 13.4375ms 200 application/javascript
info: Microsoft.AspNetCore.Hosting.Internal.WebHost[1]
      Request starting HTTP/1.1 GET http://localhost:15536/lib/jquery.validate.unobtrusive.min.js  
info: Microsoft.AspNetCore.StaticFiles.StaticFileMiddleware[2]
      Sending file. Request path: '/lib/jquery.validate.unobtrusive.min.js'. Physical path: 'C:\Users\Rorie\Desktop\nopCommerce_4.00_Source\Presentation\Nop.Web\wwwroot\lib\jquery.validate.unobtrusive.min.js'
info: Microsoft.AspNetCore.Hosting.Internal.WebHost[2]
      Request finished in 6.5026ms 200 application/javascript
info: Microsoft.AspNetCore.Hosting.Internal.WebHost[1]
      Request starting HTTP/1.1 GET http://localhost:15536/js/public.common.js  
info: Microsoft.AspNetCore.Hosting.Internal.WebHost[1]
      Request starting HTTP/1.1 GET http://localhost:15536/js/public.ajaxcart.js  
info: Microsoft.AspNetCore.Hosting.Internal.WebHost[1]
      Request starting HTTP/1.1 GET http://localhost:15536/lib/jquery-migrate-1.2.1.min.js  
info: Microsoft.AspNetCore.Hosting.Internal.WebHost[1]
      Request starting HTTP/1.1 GET http://localhost:15536/lib/jquery-ui-1.10.3.custom.min.js  
info: Microsoft.AspNetCore.Hosting.Internal.WebHost[1]
      Request starting HTTP/1.1 GET http://localhost:15536/Plugins/Widgets.NivoSlider/Scripts/jquery.nivo.slider.js  
info: Microsoft.AspNetCore.Hosting.Internal.WebHost[1]
      Request starting HTTP/1.1 GET http://localhost:15536/images/thumbs/0000134.png  
info: Microsoft.AspNetCore.StaticFiles.StaticFileMiddleware[2]
      Sending file. Request path: '/Widgets.NivoSlider/Scripts/jquery.nivo.slider.js'. Physical path: 'C:\Users\Rorie\Desktop\nopCommerce_4.00_Source\Presentation\Nop.Web\Plugins\Widgets.NivoSlider\Scripts\jquery.nivo.slider.js'
info: Microsoft.AspNetCore.StaticFiles.StaticFileMiddleware[2]
      Sending file. Request path: '/js/public.common.js'. Physical path: 'C:\Users\Rorie\Desktop\nopCommerce_4.00_Source\Presentation\Nop.Web\wwwroot\js\public.common.js'
info: Microsoft.AspNetCore.StaticFiles.StaticFileMiddleware[2]
      Sending file. Request path: '/lib/jquery-ui-1.10.3.custom.min.js'. Physical path: 'C:\Users\Rorie\Desktop\nopCommerce_4.00_Source\Presentation\Nop.Web\wwwroot\lib\jquery-ui-1.10.3.custom.min.js'
info: Microsoft.AspNetCore.StaticFiles.StaticFileMiddleware[2]
      Sending file. Request path: '/lib/jquery-migrate-1.2.1.min.js'. Physical path: 'C:\Users\Rorie\Desktop\nopCommerce_4.00_Source\Presentation\Nop.Web\wwwroot\lib\jquery-migrate-1.2.1.min.js'
info: Microsoft.AspNetCore.StaticFiles.StaticFileMiddleware[2]
      Sending file. Request path: '/images/thumbs/0000134.png'. Physical path: 'C:\Users\Rorie\Desktop\nopCommerce_4.00_Source\Presentation\Nop.Web\wwwroot\images\thumbs\0000134.png'
info: Microsoft.AspNetCore.StaticFiles.StaticFileMiddleware[2]
      Sending file. Request path: '/js/public.ajaxcart.js'. Physical path: 'C:\Users\Rorie\Desktop\nopCommerce_4.00_Source\Presentation\Nop.Web\wwwroot\js\public.ajaxcart.js'
info: Microsoft.AspNetCore.Hosting.Internal.WebHost[2]
      Request finished in 191.6124ms 200 application/javascript
info: Microsoft.AspNetCore.Hosting.Internal.WebHost[2]
      Request finished in 217.5326ms 200 application/javascript
info: Microsoft.AspNetCore.Hosting.Internal.WebHost[1]
      Request starting HTTP/1.1 GET http://localhost:15536/images/social-facebook-circle-128.png  
info: Microsoft.AspNetCore.Hosting.Internal.WebHost[1]
      Request starting HTTP/1.1 GET http://localhost:15536/images/128x128-instagram.png  
info: Microsoft.AspNetCore.Hosting.Internal.WebHost[2]
      Request finished in 357.6717ms 200 image/png
info: Microsoft.AspNetCore.StaticFiles.StaticFileMiddleware[2]
      Sending file. Request path: '/images/social-facebook-circle-128.png'. Physical path: 'C:\Users\Rorie\Desktop\nopCommerce_4.00_Source\Presentation\Nop.Web\wwwroot\images\social-facebook-circle-128.png'
info: Microsoft.AspNetCore.StaticFiles.StaticFileMiddleware[2]
      Sending file. Request path: '/images/128x128-instagram.png'. Physical path: 'C:\Users\Rorie\Desktop\nopCommerce_4.00_Source\Presentation\Nop.Web\wwwroot\images\128x128-instagram.png'
info: Microsoft.AspNetCore.Hosting.Internal.WebHost[2]
      Request finished in 266.1535ms 200 image/png
info: Microsoft.AspNetCore.Hosting.Internal.WebHost[2]
      Request finished in 274.1766ms 200 image/png
info: Microsoft.AspNetCore.Hosting.Internal.WebHost[2]
      Request finished in 664.1654ms 200 application/javascript
info: Microsoft.AspNetCore.Hosting.Internal.WebHost[2]
      Request finished in 728.6111ms 200 application/javascript
info: Microsoft.AspNetCore.Hosting.Internal.WebHost[1]
      Request starting HTTP/1.1 GET http://localhost:15536/images/CustomizeHomepage.jpg  
info: Microsoft.AspNetCore.Hosting.Internal.WebHost[1]
      Request starting HTTP/1.1 GET http://localhost:15536/Plugins/Widgets.NivoSlider/Content/nivoslider/themes/custom/loading.gif  
info: Microsoft.AspNetCore.Hosting.Internal.WebHost[1]
      Request starting HTTP/1.1 GET http://localhost:15536/Images/MonthlySetsHomePage.png  
info: Microsoft.AspNetCore.Hosting.Internal.WebHost[1]
      Request starting HTTP/1.1 GET http://localhost:15536/images/thumbs/0000166.jpeg  
info: Microsoft.AspNetCore.Hosting.Internal.WebHost[2]
      Request finished in 821.2178ms 200 application/javascript
info: Microsoft.AspNetCore.Hosting.Internal.WebHost[1]
      Request starting HTTP/1.1 GET http://localhost:15536/Themes/DefaultClean/Content/images/shopping-bag.png  
info: Microsoft.AspNetCore.StaticFiles.StaticFileMiddleware[2]
      Sending file. Request path: '/images/CustomizeHomepage.jpg'. Physical path: 'C:\Users\Rorie\Desktop\nopCommerce_4.00_Source\Presentation\Nop.Web\wwwroot\images\CustomizeHomepage.jpg'
info: Microsoft.AspNetCore.StaticFiles.StaticFileMiddleware[2]
      Sending file. Request path: '/images/thumbs/0000166.jpeg'. Physical path: 'C:\Users\Rorie\Desktop\nopCommerce_4.00_Source\Presentation\Nop.Web\wwwroot\images\thumbs\0000166.jpeg'
info: Microsoft.AspNetCore.Hosting.Internal.WebHost[1]
      Request starting HTTP/1.1 GET http://localhost:15536/images/thumbs/0000165.jpeg  
info: Microsoft.AspNetCore.StaticFiles.StaticFileMiddleware[2]
      Sending file. Request path: '/Images/MonthlySetsHomePage.png'. Physical path: 'C:\Users\Rorie\Desktop\nopCommerce_4.00_Source\Presentation\Nop.Web\wwwroot\Images\MonthlySetsHomePage.png'
info: Microsoft.AspNetCore.StaticFiles.StaticFileMiddleware[2]
      Sending file. Request path: '/Widgets.NivoSlider/Content/nivoslider/themes/custom/loading.gif'. Physical path: 'C:\Users\Rorie\Desktop\nopCommerce_4.00_Source\Presentation\Nop.Web\Plugins\Widgets.NivoSlider\Content\nivoslider\themes\custom\loading.gif'
info: Microsoft.AspNetCore.StaticFiles.StaticFileMiddleware[2]
      Sending file. Request path: '/DefaultClean/Content/images/shopping-bag.png'. Physical path: 'C:\Users\Rorie\Desktop\nopCommerce_4.00_Source\Presentation\Nop.Web\Themes\DefaultClean\Content\images\shopping-bag.png'
info: Microsoft.AspNetCore.StaticFiles.StaticFileMiddleware[2]
      Sending file. Request path: '/images/thumbs/0000165.jpeg'. Physical path: 'C:\Users\Rorie\Desktop\nopCommerce_4.00_Source\Presentation\Nop.Web\wwwroot\images\thumbs\0000165.jpeg'
info: Microsoft.AspNetCore.Hosting.Internal.WebHost[2]
      Request finished in 539.6412ms 200 image/jpeg
info: Microsoft.AspNetCore.Hosting.Internal.WebHost[1]
      Request starting HTTP/1.1 GET http://localhost:15536/Themes/DefaultClean/Content/images/loading.gif  
info: Microsoft.AspNetCore.Hosting.Internal.WebHost[2]
      Request finished in 655.4498ms 200 image/gif
info: Microsoft.AspNetCore.StaticFiles.StaticFileMiddleware[2]
      Sending file. Request path: '/DefaultClean/Content/images/loading.gif'. Physical path: 'C:\Users\Rorie\Desktop\nopCommerce_4.00_Source\Presentation\Nop.Web\Themes\DefaultClean\Content\images\loading.gif'
info: Microsoft.AspNetCore.Hosting.Internal.WebHost[2]
      Request finished in 641.6413ms 200 image/png
info: Microsoft.AspNetCore.Hosting.Internal.WebHost[2]
      Request finished in 73.1842ms 200 image/gif
info: Microsoft.AspNetCore.Hosting.Internal.WebHost[1]
      Request starting HTTP/1.1 GET http://localhost:15536/lib/jquery-ui-themes/smoothness/images/ui-bg_flat_75_ffffff_40x100.png  
info: Microsoft.AspNetCore.StaticFiles.StaticFileMiddleware[2]
      Sending file. Request path: '/lib/jquery-ui-themes/smoothness/images/ui-bg_flat_75_ffffff_40x100.png'. Physical path: 'C:\Users\Rorie\Desktop\nopCommerce_4.00_Source\Presentation\Nop.Web\wwwroot\lib\jquery-ui-themes\smoothness\images\ui-bg_flat_75_ffffff_40x100.png'
info: Microsoft.AspNetCore.Hosting.Internal.WebHost[2]
      Request finished in 57.8633ms 200 image/png
info: Microsoft.AspNetCore.Hosting.Internal.WebHost[2]
      Request finished in 834.3119ms 200 image/jpeg
info: Microsoft.AspNetCore.Hosting.Internal.WebHost[2]
      Request finished in 727.6072ms 200 image/jpeg
info: Microsoft.AspNetCore.Hosting.Internal.WebHost[2]
      Request finished in 870.6096ms 200 image/png
info: Microsoft.AspNetCore.Hosting.Internal.WebHost[1]
      Request starting HTTP/1.1 GET http://localhost:15536/favicon.ico  
info: Microsoft.AspNetCore.StaticFiles.StaticFileMiddleware[2]
      Sending file. Request path: '/favicon.ico'. Physical path: 'C:\Users\Rorie\Desktop\nopCommerce_4.00_Source\Presentation\Nop.Web\wwwroot\favicon.ico'
info: Microsoft.AspNetCore.Hosting.Internal.WebHost[2]
      Request finished in 53.6623ms 200 image/x-icon
